<?xml version="1.0" encoding="UTF-8"?>
<testsuite xmlns:xsi="http://www.w3.org/2001/XMLSchema-instance" xsi:noNamespaceSchemaLocation="https://maven.apache.org/surefire/maven-surefire-plugin/xsd/surefire-test-report-3.0.xsd" version="3.0" name="EmployeeTest" time="0.006" tests="4" errors="0" skipped="0" failures="0">
  <properties>
    <property name="java.specification.version" value="17"/>
    <property name="sun.jnu.encoding" value="UTF-8"/>
    <property name="java.class.path" value="/Users/amitpandey/Documents/SwissReAssement_106/target/test-classes:/Users/amitpandey/Documents/SwissReAssement_106/target/classes:/Users/amitpandey/.m2/repository/junit/junit/4.13.1/junit-4.13.1.jar:/Users/amitpandey/.m2/repository/org/hamcrest/hamcrest-core/1.3/hamcrest-core-1.3.jar:"/>
    <property name="java.vm.vendor" value="Oracle Corporation"/>
    <property name="sun.arch.data.model" value="64"/>
    <property name="java.vendor.url" value="https://java.oracle.com/"/>
    <property name="os.name" value="Mac OS X"/>
    <property name="java.vm.specification.version" value="17"/>
    <property name="sun.java.launcher" value="SUN_STANDARD"/>
    <property name="user.country" value="IN"/>
    <property name="sun.boot.library.path" value="/Library/Java/JavaVirtualMachines/jdk-17.jdk/Contents/Home/lib"/>
    <property name="sun.java.command" value="/Users/amitpandey/Documents/SwissReAssement_106/target/surefire/surefirebooter-20250928165139043_3.jar /Users/amitpandey/Documents/SwissReAssement_106/target/surefire 2025-09-28T16-51-39_002-jvmRun1 surefire-20250928165139043_1tmp surefire_0-20250928165139043_2tmp"/>
    <property name="http.nonProxyHosts" value="local|*.local|169.254/16|*.169.254/16"/>
    <property name="jdk.debug" value="release"/>
    <property name="surefire.test.class.path" value="/Users/amitpandey/Documents/SwissReAssement_106/target/test-classes:/Users/amitpandey/Documents/SwissReAssement_106/target/classes:/Users/amitpandey/.m2/repository/junit/junit/4.13.1/junit-4.13.1.jar:/Users/amitpandey/.m2/repository/org/hamcrest/hamcrest-core/1.3/hamcrest-core-1.3.jar:"/>
    <property name="sun.cpu.endian" value="little"/>
    <property name="user.home" value="/Users/amitpandey"/>
    <property name="user.language" value="en"/>
    <property name="java.specification.vendor" value="Oracle Corporation"/>
    <property name="java.version.date" value="2024-07-16"/>
    <property name="java.home" value="/Library/Java/JavaVirtualMachines/jdk-17.jdk/Contents/Home"/>
    <property name="file.separator" value="/"/>
    <property name="basedir" value="/Users/amitpandey/Documents/SwissReAssement_106"/>
    <property name="java.vm.compressedOopsMode" value="Zero based"/>
    <property name="line.separator" value="&#10;"/>
    <property name="java.specification.name" value="Java Platform API Specification"/>
    <property name="java.vm.specification.vendor" value="Oracle Corporation"/>
    <property name="surefire.real.class.path" value="/Users/amitpandey/Documents/SwissReAssement_106/target/surefire/surefirebooter-20250928165139043_3.jar"/>
    <property name="sun.management.compiler" value="HotSpot 64-Bit Tiered Compilers"/>
    <property name="ftp.nonProxyHosts" value="local|*.local|169.254/16|*.169.254/16"/>
    <property name="java.runtime.version" value="17.0.12+8-LTS-286"/>
    <property name="user.name" value="amitpandey"/>
    <property name="path.separator" value=":"/>
    <property name="os.version" value="26.0"/>
    <property name="java.runtime.name" value="Java(TM) SE Runtime Environment"/>
    <property name="file.encoding" value="UTF-8"/>
    <property name="java.vm.name" value="Java HotSpot(TM) 64-Bit Server VM"/>
    <property name="localRepository" value="/Users/amitpandey/.m2/repository"/>
    <property name="java.vendor.url.bug" value="https://bugreport.java.com/bugreport/"/>
    <property name="java.io.tmpdir" value="/var/folders/dw/m1gg8bb15cb1yjck2ysclvd40000gn/T/"/>
    <property name="idea.version" value="2024.2.5"/>
    <property name="java.version" value="17.0.12"/>
    <property name="user.dir" value="/Users/amitpandey/Documents/SwissReAssement_106"/>
    <property name="os.arch" value="aarch64"/>
    <property name="java.vm.specification.name" value="Java Virtual Machine Specification"/>
    <property name="native.encoding" value="UTF-8"/>
    <property name="java.library.path" value="/Users/amitpandey/Library/Java/Extensions:/Library/Java/Extensions:/Network/Library/Java/Extensions:/System/Library/Java/Extensions:/usr/lib/java:."/>
    <property name="java.vm.info" value="mixed mode, sharing"/>
    <property name="java.vendor" value="Oracle Corporation"/>
    <property name="java.vm.version" value="17.0.12+8-LTS-286"/>
    <property name="sun.io.unicode.encoding" value="UnicodeBig"/>
    <property name="socksNonProxyHosts" value="local|*.local|169.254/16|*.169.254/16"/>
    <property name="java.class.version" value="61.0"/>
  </properties>
  <testcase name="notaManger" classname="EmployeeTest" time="0.0"/>
  <testcase name="isManger" classname="EmployeeTest" time="0.0"/>
  <testcase name="analyzeCompanyStructure_outputsExpectedMessages" classname="EmployeeTest" time="0.004">
    <system-out><![CDATA[Martin Manager1 earns too LITTLE by 12000.00
Laura Manager2 earns too LITTLE by 10000.00
Peter Manager3 earns too LITTLE by 8000.00
Susan Manager4 earns too LITTLE by 6000.00
Raj Manager5 earns too LITTLE by 4000.00
Reporting line too long: Raj Manager5 exceeds by 1 managers
Reporting line too long: Alice EmployeeX exceeds by 2 managers

]]></system-out>
  </testcase>
  <testcase name="testAnalyzeCompanyStructure" classname="EmployeeTest" time="0.001">
    <system-out><![CDATA[Martin Manager1 earns too LITTLE by 12000.00
Laura Manager2 earns too LITTLE by 10000.00
Peter Manager3 earns too LITTLE by 8000.00
Susan Manager4 earns too LITTLE by 6000.00
Raj Manager5 earns too LITTLE by 4000.00
Reporting line too long: Raj Manager5 exceeds by 1 managers
Reporting line too long: Alice EmployeeX exceeds by 2 managers
]]></system-out>
  </testcase>
</testsuite>